
R version 3.4.4 (2018-03-15) -- "Someone to Lean On"
Copyright (C) 2018 The R Foundation for Statistical Computing
Platform: x86_64-pc-linux-gnu (64-bit)

R is free software and comes with ABSOLUTELY NO WARRANTY.
You are welcome to redistribute it under certain conditions.
Type 'license()' or 'licence()' for distribution details.

  Natural language support but running in an English locale

R is a collaborative project with many contributors.
Type 'contributors()' for more information and
'citation()' on how to cite R or R packages in publications.

Type 'demo()' for some demos, 'help()' for on-line help, or
'help.start()' for an HTML browser interface to help.
Type 'q()' to quit R.

> library(dplyr)

Attaching package: ‘dplyr’

The following objects are masked from ‘package:stats’:

    filter, lag

The following objects are masked from ‘package:base’:

    intersect, setdiff, setequal, union

> library(rtweet)
> 
> source('twitterkeys.R')
> 
> mdb <- read.csv('data/deputies_twitter.csv',
+                 stringsAsFactors = FALSE,
+                 colClasses = c(personal.location.postal_code = "character"))
> 
> mdb <- mdb %>% filter(!is.na(twitter_name)) %>%
+   select(personal.first_name, personal.last_name, personal.gender, personal.birthyear, party, twitter_name, twitter_url) %>%
+   mutate(personal.gender = as.factor(personal.gender),
+          party = as.factor(party))
> 
> token <- create_token(
+   app = "WZBAnalysis",
+   consumer_key = consumer_key,
+   consumer_secret = consumer_secret,
+   access_token = access_token,
+   access_secret = access_secret)
> 
> twitternames <- unique(mdb$twitter_name)
> n_twitternames <- length(twitternames)
> 
> print(paste('will fetch list of friends for', n_twitternames, 'users'))
[1] "will fetch list of friends for 413 users"
> 
> friends <- get_friends(twitternames, retryonratelimit = TRUE)
Waiting about 6.1 minutes for rate limit reset...
1 friend networks collected!
2 friend networks collected!
3 friend networks collected!
4 friend networks collected!
5 friend networks collected!
6 friend networks collected!
Warning: 34 - Sorry, that page does not exist.
Warning: ^^ warning regarding user: detlevpilger
7 friend networks collected!
8 friend networks collected!
9 friend networks collected!
10 friend networks collected!
11 friend networks collected!
12 friend networks collected!
13 friend networks collected!
14 friend networks collected!
15 friend networks collected!
16 friend networks collected!
Warning: 34 - Sorry, that page does not exist.
Warning: ^^ warning regarding user: spduesseldorf
17 friend networks collected!
18 friend networks collected!
19 friend networks collected!
20 friend networks collected!
21 friend networks collected!
22 friend networks collected!
Waiting about 14.9 minutes for rate limit reset...
23 friend networks collected!
24 friend networks collected!
25 friend networks collected!
26 friend networks collected!
27 friend networks collected!
28 friend networks collected!
29 friend networks collected!
30 friend networks collected!
31 friend networks collected!
32 friend networks collected!
33 friend networks collected!
34 friend networks collected!
35 friend networks collected!
36 friend networks collected!
37 friend networks collected!
38 friend networks collected!
39 friend networks collected!
Warning: 34 - Sorry, that page does not exist.
Warning: ^^ warning regarding user: BuettnerSDL
40 friend networks collected!
41 friend networks collected!
42 friend networks collected!
43 friend networks collected!
44 friend networks collected!
45 friend networks collected!
46 friend networks collected!
Waiting about 14.9 minutes for rate limit reset...
47 friend networks collected!
48 friend networks collected!
49 friend networks collected!
50 friend networks collected!
51 friend networks collected!
52 friend networks collected!
53 friend networks collected!
54 friend networks collected!
55 friend networks collected!
56 friend networks collected!
57 friend networks collected!
58 friend networks collected!
59 friend networks collected!
60 friend networks collected!
61 friend networks collected!
Waiting about 14.9 minutes for rate limit reset...
62 friend networks collected!
63 friend networks collected!
64 friend networks collected!
65 friend networks collected!
Warning: 34 - Sorry, that page does not exist.
Warning: ^^ warning regarding user: WeeserSandra
66 friend networks collected!
67 friend networks collected!
68 friend networks collected!
69 friend networks collected!
Warning: 34 - Sorry, that page does not exist.
Warning: ^^ warning regarding user: protschkastepha
70 friend networks collected!
71 friend networks collected!
72 friend networks collected!
73 friend networks collected!
74 friend networks collected!
75 friend networks collected!
76 friend networks collected!
Waiting about 14.9 minutes for rate limit reset...
77 friend networks collected!
78 friend networks collected!
Warning: 34 - Sorry, that page does not exist.
Warning: ^^ warning regarding user: doris_achelwilm
79 friend networks collected!
80 friend networks collected!
81 friend networks collected!
82 friend networks collected!
83 friend networks collected!
84 friend networks collected!
85 friend networks collected!
86 friend networks collected!
87 friend networks collected!
88 friend networks collected!
89 friend networks collected!
90 friend networks collected!
91 friend networks collected!
Waiting about 14.9 minutes for rate limit reset...
92 friend networks collected!
93 friend networks collected!
94 friend networks collected!
95 friend networks collected!
96 friend networks collected!
97 friend networks collected!
98 friend networks collected!
99 friend networks collected!
Warning: 34 - Sorry, that page does not exist.
Warning: ^^ warning regarding user: ReutherBernd
100 friend networks collected!
101 friend networks collected!
102 friend networks collected!
103 friend networks collected!
104 friend networks collected!
105 friend networks collected!
106 friend networks collected!
Waiting about 14.9 minutes for rate limit reset...
107 friend networks collected!
108 friend networks collected!
109 friend networks collected!
110 friend networks collected!
111 friend networks collected!
112 friend networks collected!
113 friend networks collected!
114 friend networks collected!
115 friend networks collected!
116 friend networks collected!
117 friend networks collected!
118 friend networks collected!
119 friend networks collected!
120 friend networks collected!
121 friend networks collected!
Waiting about 14.9 minutes for rate limit reset...
122 friend networks collected!
123 friend networks collected!
124 friend networks collected!
125 friend networks collected!
126 friend networks collected!
127 friend networks collected!
Warning: 34 - Sorry, that page does not exist.
Warning: ^^ warning regarding user: manfred_grund
128 friend networks collected!
129 friend networks collected!
130 friend networks collected!
131 friend networks collected!
Warning: 34 - Sorry, that page does not exist.
Warning: ^^ warning regarding user: jojoschraps
132 friend networks collected!
133 friend networks collected!
134 friend networks collected!
135 friend networks collected!
136 friend networks collected!
Waiting about 14.9 minutes for rate limit reset...
137 friend networks collected!
138 friend networks collected!
139 friend networks collected!
140 friend networks collected!
141 friend networks collected!
142 friend networks collected!
143 friend networks collected!
144 friend networks collected!
Warning: 34 - Sorry, that page does not exist.
Warning: ^^ warning regarding user: EckhardtRehberg
145 friend networks collected!
146 friend networks collected!
147 friend networks collected!
148 friend networks collected!
149 friend networks collected!
150 friend networks collected!
151 friend networks collected!
Waiting about 14.9 minutes for rate limit reset...
152 friend networks collected!
153 friend networks collected!
154 friend networks collected!
155 friend networks collected!
156 friend networks collected!
157 friend networks collected!
158 friend networks collected!
159 friend networks collected!
160 friend networks collected!
161 friend networks collected!
162 friend networks collected!
163 friend networks collected!
164 friend networks collected!
165 friend networks collected!
166 friend networks collected!
Waiting about 14.9 minutes for rate limit reset...
167 friend networks collected!
168 friend networks collected!
169 friend networks collected!
170 friend networks collected!
171 friend networks collected!
172 friend networks collected!
173 friend networks collected!
174 friend networks collected!
175 friend networks collected!
176 friend networks collected!
177 friend networks collected!
178 friend networks collected!
179 friend networks collected!
180 friend networks collected!
181 friend networks collected!
Waiting about 14.9 minutes for rate limit reset...
Warning: 34 - Sorry, that page does not exist.
Warning: ^^ warning regarding user: goekayakbulut
182 friend networks collected!
183 friend networks collected!
184 friend networks collected!
185 friend networks collected!
186 friend networks collected!
187 friend networks collected!
188 friend networks collected!
189 friend networks collected!
190 friend networks collected!
191 friend networks collected!
192 friend networks collected!
193 friend networks collected!
194 friend networks collected!
195 friend networks collected!
196 friend networks collected!
Waiting about 14.9 minutes for rate limit reset...
197 friend networks collected!
198 friend networks collected!
199 friend networks collected!
200 friend networks collected!
201 friend networks collected!
202 friend networks collected!
203 friend networks collected!
204 friend networks collected!
205 friend networks collected!
206 friend networks collected!
207 friend networks collected!
Warning: 34 - Sorry, that page does not exist.
Warning: ^^ warning regarding user: springerren
208 friend networks collected!
209 friend networks collected!
210 friend networks collected!
211 friend networks collected!
Waiting about 14.9 minutes for rate limit reset...
212 friend networks collected!
213 friend networks collected!
214 friend networks collected!
215 friend networks collected!
216 friend networks collected!
217 friend networks collected!
218 friend networks collected!
219 friend networks collected!
220 friend networks collected!
221 friend networks collected!
222 friend networks collected!
Warning: 34 - Sorry, that page does not exist.
Warning: ^^ warning regarding user: TorbjoernKartes
223 friend networks collected!
224 friend networks collected!
225 friend networks collected!
226 friend networks collected!
Waiting about 14.9 minutes for rate limit reset...
227 friend networks collected!
228 friend networks collected!
229 friend networks collected!
230 friend networks collected!
231 friend networks collected!
232 friend networks collected!
233 friend networks collected!
234 friend networks collected!
235 friend networks collected!
236 friend networks collected!
237 friend networks collected!
238 friend networks collected!
239 friend networks collected!
240 friend networks collected!
241 friend networks collected!
Waiting about 14.9 minutes for rate limit reset...
242 friend networks collected!
243 friend networks collected!
244 friend networks collected!
245 friend networks collected!
246 friend networks collected!
247 friend networks collected!
248 friend networks collected!
249 friend networks collected!
250 friend networks collected!
251 friend networks collected!
252 friend networks collected!
Warning: 34 - Sorry, that page does not exist.
Warning: ^^ warning regarding user: dirk_heidenblut
253 friend networks collected!
254 friend networks collected!
255 friend networks collected!
256 friend networks collected!
Waiting about 14.9 minutes for rate limit reset...
257 friend networks collected!
258 friend networks collected!
259 friend networks collected!
260 friend networks collected!
261 friend networks collected!
262 friend networks collected!
263 friend networks collected!
264 friend networks collected!
265 friend networks collected!
266 friend networks collected!
267 friend networks collected!
268 friend networks collected!
269 friend networks collected!
270 friend networks collected!
271 friend networks collected!
Waiting about 14.9 minutes for rate limit reset...
272 friend networks collected!
273 friend networks collected!
274 friend networks collected!
275 friend networks collected!
276 friend networks collected!
277 friend networks collected!
278 friend networks collected!
279 friend networks collected!
280 friend networks collected!
281 friend networks collected!
282 friend networks collected!
Warning: 34 - Sorry, that page does not exist.
Warning: ^^ warning regarding user: search
283 friend networks collected!
284 friend networks collected!
285 friend networks collected!
286 friend networks collected!
Waiting about 14.9 minutes for rate limit reset...
287 friend networks collected!
288 friend networks collected!
289 friend networks collected!
290 friend networks collected!
291 friend networks collected!
292 friend networks collected!
293 friend networks collected!
294 friend networks collected!
295 friend networks collected!
296 friend networks collected!
297 friend networks collected!
298 friend networks collected!
299 friend networks collected!
300 friend networks collected!
301 friend networks collected!
Waiting about 14.9 minutes for rate limit reset...
302 friend networks collected!
303 friend networks collected!
304 friend networks collected!
305 friend networks collected!
306 friend networks collected!
307 friend networks collected!
308 friend networks collected!
309 friend networks collected!
310 friend networks collected!
311 friend networks collected!
312 friend networks collected!
313 friend networks collected!
314 friend networks collected!
315 friend networks collected!
316 friend networks collected!
Waiting about 14.9 minutes for rate limit reset...
317 friend networks collected!
318 friend networks collected!
319 friend networks collected!
320 friend networks collected!
321 friend networks collected!
322 friend networks collected!
323 friend networks collected!
324 friend networks collected!
325 friend networks collected!
326 friend networks collected!
327 friend networks collected!
328 friend networks collected!
329 friend networks collected!
330 friend networks collected!
331 friend networks collected!
Waiting about 14.9 minutes for rate limit reset...
332 friend networks collected!
333 friend networks collected!
334 friend networks collected!
335 friend networks collected!
336 friend networks collected!
Warning: /1.1/friends/ids.json - Not authorized.
Warning: ^^ warning regarding user: achimkessler
337 friend networks collected!
338 friend networks collected!
339 friend networks collected!
340 friend networks collected!
341 friend networks collected!
342 friend networks collected!
343 friend networks collected!
344 friend networks collected!
345 friend networks collected!
346 friend networks collected!
Waiting about 14.9 minutes for rate limit reset...
347 friend networks collected!
348 friend networks collected!
Warning: 34 - Sorry, that page does not exist.
Warning: ^^ warning regarding user: BystronAfD
349 friend networks collected!
350 friend networks collected!
351 friend networks collected!
352 friend networks collected!
353 friend networks collected!
354 friend networks collected!
355 friend networks collected!
356 friend networks collected!
357 friend networks collected!
358 friend networks collected!
359 friend networks collected!
360 friend networks collected!
361 friend networks collected!
Waiting about 14.9 minutes for rate limit reset...
362 friend networks collected!
363 friend networks collected!
364 friend networks collected!
365 friend networks collected!
366 friend networks collected!
367 friend networks collected!
368 friend networks collected!
369 friend networks collected!
370 friend networks collected!
371 friend networks collected!
372 friend networks collected!
373 friend networks collected!
374 friend networks collected!
375 friend networks collected!
376 friend networks collected!
Waiting about 14.9 minutes for rate limit reset...
377 friend networks collected!
378 friend networks collected!
379 friend networks collected!
380 friend networks collected!
381 friend networks collected!
382 friend networks collected!
383 friend networks collected!
384 friend networks collected!
385 friend networks collected!
386 friend networks collected!
387 friend networks collected!
388 friend networks collected!
389 friend networks collected!
390 friend networks collected!
391 friend networks collected!
Waiting about 14.9 minutes for rate limit reset...
392 friend networks collected!
Warning: 34 - Sorry, that page does not exist.
Warning: ^^ warning regarding user: kerstin_tack
393 friend networks collected!
394 friend networks collected!
395 friend networks collected!
396 friend networks collected!
397 friend networks collected!
398 friend networks collected!
399 friend networks collected!
400 friend networks collected!
401 friend networks collected!
402 friend networks collected!
403 friend networks collected!
404 friend networks collected!
405 friend networks collected!
406 friend networks collected!
Waiting about 14.9 minutes for rate limit reset...
407 friend networks collected!
408 friend networks collected!
409 friend networks collected!
410 friend networks collected!
411 friend networks collected!
412 friend networks collected!
413 friend networks collected!
> friends$fetch_friends_timestamp <- Sys.time()
> 
> saveRDS(friends, 'data/deputies_twitter_friends_tmp.RDS')
> 
