
R version 3.4.4 (2018-03-15) -- "Someone to Lean On"
Copyright (C) 2018 The R Foundation for Statistical Computing
Platform: x86_64-pc-linux-gnu (64-bit)

R is free software and comes with ABSOLUTELY NO WARRANTY.
You are welcome to redistribute it under certain conditions.
Type 'license()' or 'licence()' for distribution details.

  Natural language support but running in an English locale

R is a collaborative project with many contributors.
Type 'contributors()' for more information and
'citation()' on how to cite R or R packages in publications.

Type 'demo()' for some demos, 'help()' for on-line help, or
'help.start()' for an HTML browser interface to help.
Type 'q()' to quit R.

> # Scraper für "Weiterführende Links" von MdB Profilen auf abgeordnetenwatch.de.
> #
> # Dez. 2018, Markus Konrad <markus.konrad@wzb.eu>
> #
> 
> library(jsonlite)
> library(rvest)
Loading required package: xml2
> library(dplyr)

Attaching package: ‘dplyr’

The following objects are masked from ‘package:stats’:

    filter, lag

The following objects are masked from ‘package:base’:

    intersect, setdiff, setequal, union

> 
> # Daten der Abgeordneten für Bundestag 2017 - 2021
> # abgerufen von https://www.abgeordnetenwatch.de/api/parliament/bundestag/deputies.json
> deputies <- fromJSON('data/deputies_20190702.json')
> 
> sleep_sec <- 1  # nach robots.txt
> 
> # Profil URLs
> n_profiles <- nrow(deputies$profiles)
> print(paste('Anzahl Profile:', n_profiles))
[1] "Anzahl Profile: 718"
> 
> prof_urls <- deputies$profiles$meta %>% select(uuid, url)
> 
> #prof_urls <- prof_urls %>% head(10)
> 
> fetch_urls <- function(profile_row) {
+     print(paste('fetching profile page at', profile_row$url))
+     
+     # Warten und HTML abrufen
+     Sys.sleep(sleep_sec)
+     html <- read_html(profile_row$url)
+     
+     # Links in "Weiterführende Links von ..." extrahieren
+     links <- html_nodes(html, 'div.deputy__custom-links ul.link-list li a')
+     urls <- html_attr(links, 'href')
+     
+     if (length(urls) == 0) {
+         urls <- NA
+     }
+     
+     # Partiellen Dataframe zurückgeben
+     data.frame(profile_row, custom_links = urls, stringsAsFactors = FALSE)
+ }
> 
> # fetch_urls pro Profil anwenden
> # Auf Parallelisierung wird verzichtet um den Server nicht übermäßig zu beanspruchen...
> prof_urls_complete <- prof_urls %>% rowwise() %>% do(fetch_urls(.))
[1] "fetching profile page at https://www.abgeordnetenwatch.de/profile/alexander-graf-lambsdorff"
[1] "fetching profile page at https://www.abgeordnetenwatch.de/profile/martin-schulz-1"
[1] "fetching profile page at https://www.abgeordnetenwatch.de/profile/michael-theurer"
[1] "fetching profile page at https://www.abgeordnetenwatch.de/profile/fabio-de-masi"
[1] "fetching profile page at https://www.abgeordnetenwatch.de/profile/sarah-ryglewski"
[1] "fetching profile page at https://www.abgeordnetenwatch.de/profile/anke-domscheit-berg"
[1] "fetching profile page at https://www.abgeordnetenwatch.de/profile/beatrix-von-storch"
[1] "fetching profile page at https://www.abgeordnetenwatch.de/profile/konstantin-kuhle"
[1] "fetching profile page at https://www.abgeordnetenwatch.de/profile/johannes-schraps"
[1] "fetching profile page at https://www.abgeordnetenwatch.de/profile/armin-paul-hampel"
[1] "fetching profile page at https://www.abgeordnetenwatch.de/profile/petr-bystron"
[1] "fetching profile page at https://www.abgeordnetenwatch.de/profile/waldemar-herdt"
[1] "fetching profile page at https://www.abgeordnetenwatch.de/profile/manfred-todtenhausen"
[1] "fetching profile page at https://www.abgeordnetenwatch.de/profile/norbert-muller-4"
[1] "fetching profile page at https://www.abgeordnetenwatch.de/profile/alexander-krauss"
[1] "fetching profile page at https://www.abgeordnetenwatch.de/profile/dr-juergen-martens"
[1] "fetching profile page at https://www.abgeordnetenwatch.de/profile/alexander-gauland"
[1] "fetching profile page at https://www.abgeordnetenwatch.de/profile/steffen-kotre"
[1] "fetching profile page at https://www.abgeordnetenwatch.de/profile/frauke-petry/archive/267876"
[1] "fetching profile page at https://www.abgeordnetenwatch.de/profile/lars-herrmann"
[1] "fetching profile page at https://www.abgeordnetenwatch.de/profile/christoph-neumann"
[1] "fetching profile page at https://www.abgeordnetenwatch.de/profile/siegbert-droese"
[1] "fetching profile page at https://www.abgeordnetenwatch.de/profile/detlev-spangenberg"
[1] "fetching profile page at https://www.abgeordnetenwatch.de/profile/torsten-herbst"
[1] "fetching profile page at https://www.abgeordnetenwatch.de/profile/thomas-kemmerich"
[1] "fetching profile page at https://www.abgeordnetenwatch.de/profile/stephan-brandner"
[1] "fetching profile page at https://www.abgeordnetenwatch.de/profile/christoph-de-vries"
[1] "fetching profile page at https://www.abgeordnetenwatch.de/profile/christoph-plos"
[1] "fetching profile page at https://www.abgeordnetenwatch.de/profile/dr-bernd-baumann"
[1] "fetching profile page at https://www.abgeordnetenwatch.de/profile/kay-gottschalk"
[1] "fetching profile page at https://www.abgeordnetenwatch.de/profile/zaklin-nastic"
[1] "fetching profile page at https://www.abgeordnetenwatch.de/profile/katja-suding"
[1] "fetching profile page at https://www.abgeordnetenwatch.de/profile/dr-wieland-schinnenburg"
[1] "fetching profile page at https://www.abgeordnetenwatch.de/profile/frank-magnitz"
[1] "fetching profile page at https://www.abgeordnetenwatch.de/profile/dr-kirsten-kappert-gonther"
[1] "fetching profile page at https://www.abgeordnetenwatch.de/profile/dr-jens-zimmermann"
[1] "fetching profile page at https://www.abgeordnetenwatch.de/profile/yvonne-magwas"
[1] "fetching profile page at https://www.abgeordnetenwatch.de/profile/dr-diether-dehm"
[1] "fetching profile page at https://www.abgeordnetenwatch.de/profile/johannes-steiniger"
[1] "fetching profile page at https://www.abgeordnetenwatch.de/profile/astrid-freudenstein"
[1] "fetching profile page at https://www.abgeordnetenwatch.de/profile/nina-warken"
[1] "fetching profile page at https://www.abgeordnetenwatch.de/profile/artur-auernhammer"
[1] "fetching profile page at https://www.abgeordnetenwatch.de/profile/dr-silke-launert"
[1] "fetching profile page at https://www.abgeordnetenwatch.de/profile/peter-altmaier"
[1] "fetching profile page at https://www.abgeordnetenwatch.de/profile/alexander-ulrich"
[1] "fetching profile page at https://www.abgeordnetenwatch.de/profile/kai-whittaker"
[1] "fetching profile page at https://www.abgeordnetenwatch.de/profile/johann-wadephul"
[1] "fetching profile page at https://www.abgeordnetenwatch.de/profile/dr-konstantin-von-notz"
[1] "fetching profile page at https://www.abgeordnetenwatch.de/profile/carsten-trager"
[1] "fetching profile page at https://www.abgeordnetenwatch.de/profile/dr-petra-sitte"
[1] "fetching profile page at https://www.abgeordnetenwatch.de/profile/detlef-seif"
[1] "fetching profile page at https://www.abgeordnetenwatch.de/profile/johannes-selle"
[1] "fetching profile page at https://www.abgeordnetenwatch.de/profile/reinhold-sendker"
[1] "fetching profile page at https://www.abgeordnetenwatch.de/profile/patrick-sensburg"
[1] "fetching profile page at https://www.abgeordnetenwatch.de/profile/thomas-silberhorn"
[1] "fetching profile page at https://www.abgeordnetenwatch.de/profile/uwe-schummer"
[1] "fetching profile page at https://www.abgeordnetenwatch.de/profile/mahmut-ozdemir"
[1] "fetching profile page at https://www.abgeordnetenwatch.de/profile/frithjof-schmidt"
[1] "fetching profile page at https://www.abgeordnetenwatch.de/profile/patrick-schnieder"
[1] "fetching profile page at https://www.abgeordnetenwatch.de/profile/dr-rolf-mutzenich"
[1] "fetching profile page at https://www.abgeordnetenwatch.de/profile/andrea-nahles"
[1] "fetching profile page at https://www.abgeordnetenwatch.de/profile/bettina-muller"
[1] "fetching profile page at https://www.abgeordnetenwatch.de/profile/marlene-mortler/archive/251096"
[1] "fetching profile page at https://www.abgeordnetenwatch.de/profile/jan-metzler"
[1] "fetching profile page at https://www.abgeordnetenwatch.de/profile/hilde-mattheis"
[1] "fetching profile page at https://www.abgeordnetenwatch.de/profile/dr-gesine-lotzsch"
[1] "fetching profile page at https://www.abgeordnetenwatch.de/profile/katja-leikert"
[1] "fetching profile page at https://www.abgeordnetenwatch.de/profile/markus-kurth"
[1] "fetching profile page at https://www.abgeordnetenwatch.de/profile/sylvia-kotting-uhl"
[1] "fetching profile page at https://www.abgeordnetenwatch.de/profile/jan-korte"
[1] "fetching profile page at https://www.abgeordnetenwatch.de/profile/volkmar-klein"
[1] "fetching profile page at https://www.abgeordnetenwatch.de/profile/sven-christian-kindler"
[1] "fetching profile page at https://www.abgeordnetenwatch.de/profile/oliver-kaczmarek"
[1] "fetching profile page at https://www.abgeordnetenwatch.de/profile/heike-hansel"
[1] "fetching profile page at https://www.abgeordnetenwatch.de/profile/dr-stephan-harbarth/archive/263717"
[1] "fetching profile page at https://www.abgeordnetenwatch.de/profile/jurgen-hardt"
[1] "fetching profile page at https://www.abgeordnetenwatch.de/profile/thomas-hitschler"
[1] "fetching profile page at https://www.abgeordnetenwatch.de/profile/christian-hirte"
[1] "fetching profile page at https://www.abgeordnetenwatch.de/profile/ulla-jelpke"
[1] "fetching profile page at https://www.abgeordnetenwatch.de/profile/andreas-jung"
[1] "fetching profile page at https://www.abgeordnetenwatch.de/profile/ursula-groden-kranich"
[1] "fetching profile page at https://www.abgeordnetenwatch.de/profile/hermann-grohe"
[1] "fetching profile page at https://www.abgeordnetenwatch.de/profile/klaus-dieter-grohler"
[1] "fetching profile page at https://www.abgeordnetenwatch.de/profile/hans-joachim-fuchtel"
[1] "fetching profile page at https://www.abgeordnetenwatch.de/profile/agnieszka-brugger"
[1] "fetching profile page at https://www.abgeordnetenwatch.de/profile/christine-buchholz"
[1] "fetching profile page at https://www.abgeordnetenwatch.de/profile/dr-karl-heinz-brunner"
[1] "fetching profile page at https://www.abgeordnetenwatch.de/profile/michael-brand"
[1] "fetching profile page at https://www.abgeordnetenwatch.de/profile/matthias-birkwald"
[1] "fetching profile page at https://www.abgeordnetenwatch.de/profile/ulrike-bahr"
[1] "fetching profile page at https://www.abgeordnetenwatch.de/profile/soren-bartol"
[1] "fetching profile page at https://www.abgeordnetenwatch.de/profile/dr-matthias-bartke"
[1] "fetching profile page at https://www.abgeordnetenwatch.de/profile/katrin-goring-eckardt"
[1] "fetching profile page at https://www.abgeordnetenwatch.de/profile/thomas-lutze"
[1] "fetching profile page at https://www.abgeordnetenwatch.de/profile/dr-sascha-raabe"
[1] "fetching profile page at https://www.abgeordnetenwatch.de/profile/martina-renner"
[1] "fetching profile page at https://www.abgeordnetenwatch.de/profile/prof-dr-matthias-zimmer"
[1] "fetching profile page at https://www.abgeordnetenwatch.de/profile/sabine-zimmermann"
[1] "fetching profile page at https://www.abgeordnetenwatch.de/profile/markus-tressel"
[1] "fetching profile page at https://www.abgeordnetenwatch.de/profile/pia-zimmermann"
[1] "fetching profile page at https://www.abgeordnetenwatch.de/profile/stefan-zierke"
[1] "fetching profile page at https://www.abgeordnetenwatch.de/profile/dagmar-ziegler"
[1] "fetching profile page at https://www.abgeordnetenwatch.de/profile/emmi-zeulner"
[1] "fetching profile page at https://www.abgeordnetenwatch.de/profile/hubertus-zdebel"
[1] "fetching profile page at https://www.abgeordnetenwatch.de/profile/gulistan-yuksel"
[1] "fetching profile page at https://www.abgeordnetenwatch.de/profile/dirk-wiese"
[1] "fetching profile page at https://www.abgeordnetenwatch.de/profile/klaus-peter-willsch"
[1] "fetching profile page at https://www.abgeordnetenwatch.de/profile/elisabeth-winkelmeier-becker"
[1] "fetching profile page at https://www.abgeordnetenwatch.de/profile/oliver-wittke"
[1] "fetching profile page at https://www.abgeordnetenwatch.de/profile/anja-weisgerber"
[1] "fetching profile page at https://www.abgeordnetenwatch.de/profile/sabine-weiss"
[1] "fetching profile page at https://www.abgeordnetenwatch.de/profile/peter-weis"
[1] "fetching profile page at https://www.abgeordnetenwatch.de/profile/ingo-wellenreuther"
[1] "fetching profile page at https://www.abgeordnetenwatch.de/profile/marian-wendt"
[1] "fetching profile page at https://www.abgeordnetenwatch.de/profile/bernd-westphal"
[1] "fetching profile page at https://www.abgeordnetenwatch.de/profile/gabi-weber"
[1] "fetching profile page at https://www.abgeordnetenwatch.de/profile/kai-wegner"
[1] "fetching profile page at https://www.abgeordnetenwatch.de/profile/albert-weiler"
[1] "fetching profile page at https://www.abgeordnetenwatch.de/profile/harald-weinberg"
[1] "fetching profile page at https://www.abgeordnetenwatch.de/profile/marcus-weinberg"
[1] "fetching profile page at https://www.abgeordnetenwatch.de/profile/marco-wanderwitz"
[1] "fetching profile page at https://www.abgeordnetenwatch.de/profile/dr-sahra-wagenknecht"
[1] "fetching profile page at https://www.abgeordnetenwatch.de/profile/beate-walter-rosenheimer"
[1] "fetching profile page at https://www.abgeordnetenwatch.de/profile/dirk-vopel"
[1] "fetching profile page at https://www.abgeordnetenwatch.de/profile/christian-von-stetten"
[1] "fetching profile page at https://www.abgeordnetenwatch.de/profile/ursula-von-der-leyen"
[1] "fetching profile page at https://www.abgeordnetenwatch.de/profile/hans-georg-von-der-marwitz"
[1] "fetching profile page at https://www.abgeordnetenwatch.de/profile/matern-von-marschall"
[1] "fetching profile page at https://www.abgeordnetenwatch.de/profile/oswin-veith"
[1] "fetching profile page at https://www.abgeordnetenwatch.de/profile/julia-verlinden"
[1] "fetching profile page at https://www.abgeordnetenwatch.de/profile/volkmar-vogel"
[1] "fetching profile page at https://www.abgeordnetenwatch.de/profile/kathrin-vogler"
[1] "fetching profile page at https://www.abgeordnetenwatch.de/profile/ute-vogt"
[1] "fetching profile page at https://www.abgeordnetenwatch.de/profile/arnold-vaatz"
[1] "fetching profile page at https://www.abgeordnetenwatch.de/profile/dr-volker-ullrich"
[1] "fetching profile page at https://www.abgeordnetenwatch.de/profile/jurgen-trittin"
[1] "fetching profile page at https://www.abgeordnetenwatch.de/profile/antje-tillmann"
[1] "fetching profile page at https://www.abgeordnetenwatch.de/profile/michael-thews"
[1] "fetching profile page at https://www.abgeordnetenwatch.de/profile/michael-stubgen"
[1] "fetching profile page at https://www.abgeordnetenwatch.de/profile/kerstin-tack"
[1] "fetching profile page at https://www.abgeordnetenwatch.de/profile/dr-kirsten-tackmann"
[1] "fetching profile page at https://www.abgeordnetenwatch.de/profile/peter-tauber"
[1] "fetching profile page at https://www.abgeordnetenwatch.de/profile/claudia-tausend"
[1] "fetching profile page at https://www.abgeordnetenwatch.de/profile/karin-strenz"
[1] "fetching profile page at https://www.abgeordnetenwatch.de/profile/max-straubinger"
[1] "fetching profile page at https://www.abgeordnetenwatch.de/profile/stephan-stracke"
[1] "fetching profile page at https://www.abgeordnetenwatch.de/profile/gero-storjohann"
[1] "fetching profile page at https://www.abgeordnetenwatch.de/profile/dieter-stier"
[1] "fetching profile page at https://www.abgeordnetenwatch.de/profile/albert-stegemann"
[1] "fetching profile page at https://www.abgeordnetenwatch.de/profile/peter-stein"
[1] "fetching profile page at https://www.abgeordnetenwatch.de/profile/sebastian-steineke"
[1] "fetching profile page at https://www.abgeordnetenwatch.de/profile/kersten-steinke"
[1] "fetching profile page at https://www.abgeordnetenwatch.de/profile/sonja-steffen"
[1] "fetching profile page at https://www.abgeordnetenwatch.de/profile/wolfgang-stefinger"
[1] "fetching profile page at https://www.abgeordnetenwatch.de/profile/dr-frank-steffel"
[1] "fetching profile page at https://www.abgeordnetenwatch.de/profile/martina-stamm-fibich"
[1] "fetching profile page at https://www.abgeordnetenwatch.de/profile/tino-sorge"
[1] "fetching profile page at https://www.abgeordnetenwatch.de/profile/jens-spahn"
[1] "fetching profile page at https://www.abgeordnetenwatch.de/profile/rainer-spiering"
[1] "fetching profile page at https://www.abgeordnetenwatch.de/profile/svenja-stadler"
[1] "fetching profile page at https://www.abgeordnetenwatch.de/profile/armin-schuster"
[1] "fetching profile page at https://www.abgeordnetenwatch.de/profile/frank-schwabe"
[1] "fetching profile page at https://www.abgeordnetenwatch.de/profile/stefan-schwartze"
[1] "fetching profile page at https://www.abgeordnetenwatch.de/profile/andreas-schwarz"
[1] "fetching profile page at https://www.abgeordnetenwatch.de/profile/rita-schwarzeluhr-sutter"
[1] "fetching profile page at https://www.abgeordnetenwatch.de/profile/ewald-schurer/archive/270655"
[1] "fetching profile page at https://www.abgeordnetenwatch.de/profile/kordula-schulz-asche"
[1] "fetching profile page at https://www.abgeordnetenwatch.de/profile/klaus-peter-schulze"
[1] "fetching profile page at https://www.abgeordnetenwatch.de/profile/swen-schulz"
[1] "fetching profile page at https://www.abgeordnetenwatch.de/profile/ursula-schulte"
[1] "fetching profile page at https://www.abgeordnetenwatch.de/profile/nadine-schon"
[1] "fetching profile page at https://www.abgeordnetenwatch.de/profile/ulla-schmidt"
[1] "fetching profile page at https://www.abgeordnetenwatch.de/profile/carsten-schneider"
[1] "fetching profile page at https://www.abgeordnetenwatch.de/profile/anita-schafer"
[1] "fetching profile page at https://www.abgeordnetenwatch.de/profile/axel-schafer"
[1] "fetching profile page at https://www.abgeordnetenwatch.de/profile/wolfgang-schauble"
[1] "fetching profile page at https://www.abgeordnetenwatch.de/profile/ulle-schauws"
[1] "fetching profile page at https://www.abgeordnetenwatch.de/profile/dr-nina-scheer"
[1] "fetching profile page at https://www.abgeordnetenwatch.de/profile/andreas-scheuer"
[1] "fetching profile page at https://www.abgeordnetenwatch.de/profile/gerhard-schick/archive/270661"
[1] "fetching profile page at https://www.abgeordnetenwatch.de/profile/marianne-schieder"
[1] "fetching profile page at https://www.abgeordnetenwatch.de/profile/udo-schiefner"
[1] "fetching profile page at https://www.abgeordnetenwatch.de/profile/jana-schimke"
[1] "fetching profile page at https://www.abgeordnetenwatch.de/profile/tankred-schipanski"
[1] "fetching profile page at https://www.abgeordnetenwatch.de/profile/johann-saathoff"
[1] "fetching profile page at https://www.abgeordnetenwatch.de/profile/manuel-sarrazin"
[1] "fetching profile page at https://www.abgeordnetenwatch.de/profile/christian-schmidt-2"
[1] "fetching profile page at https://www.abgeordnetenwatch.de/profile/dagmar-schmidt"
[1] "fetching profile page at https://www.abgeordnetenwatch.de/profile/dr-ernst-dieter-rossmann"
[1] "fetching profile page at https://www.abgeordnetenwatch.de/profile/tabea-rosner"
[1] "fetching profile page at https://www.abgeordnetenwatch.de/profile/claudia-roth"
[1] "fetching profile page at https://www.abgeordnetenwatch.de/profile/michael-roth"
[1] "fetching profile page at https://www.abgeordnetenwatch.de/profile/norbert-rottgen"
[1] "fetching profile page at https://www.abgeordnetenwatch.de/profile/erwin-ruddel"
[1] "fetching profile page at https://www.abgeordnetenwatch.de/profile/corinna-ruffer"
[1] "fetching profile page at https://www.abgeordnetenwatch.de/profile/albert-rupprecht"
[1] "fetching profile page at https://www.abgeordnetenwatch.de/profile/susann-ruthrich"
[1] "fetching profile page at https://www.abgeordnetenwatch.de/profile/bernd-rutzel"
[1] "fetching profile page at https://www.abgeordnetenwatch.de/profile/johannes-roring"
[1] "fetching profile page at https://www.abgeordnetenwatch.de/profile/dr-martin-rosemann"
[1] "fetching profile page at https://www.abgeordnetenwatch.de/profile/rene-rospel"
[1] "fetching profile page at https://www.abgeordnetenwatch.de/profile/eckhardt-rehberg"
[1] "fetching profile page at https://www.abgeordnetenwatch.de/profile/dr-carola-reimann/archive/270637"
[1] "fetching profile page at https://www.abgeordnetenwatch.de/profile/lothar-riebsamen"
[1] "fetching profile page at https://www.abgeordnetenwatch.de/profile/josef-rief"
[1] "fetching profile page at https://www.abgeordnetenwatch.de/profile/andreas-rimkus"
[1] "fetching profile page at https://www.abgeordnetenwatch.de/profile/sonke-rix"
[1] "fetching profile page at https://www.abgeordnetenwatch.de/profile/dennis-rohde"
[1] "fetching profile page at https://www.abgeordnetenwatch.de/profile/alois-rainer"
[1] "fetching profile page at https://www.abgeordnetenwatch.de/profile/peter-ramsauer"
[1] "fetching profile page at https://www.abgeordnetenwatch.de/profile/alexander-radwan"
[1] "fetching profile page at https://www.abgeordnetenwatch.de/profile/kerstin-radomski"
[1] "fetching profile page at https://www.abgeordnetenwatch.de/profile/thomas-rachel"
[1] "fetching profile page at https://www.abgeordnetenwatch.de/profile/martin-rabanus"
[1] "fetching profile page at https://www.abgeordnetenwatch.de/profile/eckhard-pols"
[1] "fetching profile page at https://www.abgeordnetenwatch.de/profile/sabine-poschmann"
[1] "fetching profile page at https://www.abgeordnetenwatch.de/profile/florian-post"
[1] "fetching profile page at https://www.abgeordnetenwatch.de/profile/achim-post"
[1] "fetching profile page at https://www.abgeordnetenwatch.de/profile/florian-pronold"
[1] "fetching profile page at https://www.abgeordnetenwatch.de/profile/joachim-pfeiffer"
[1] "fetching profile page at https://www.abgeordnetenwatch.de/profile/detlev-pilger"
[1] "fetching profile page at https://www.abgeordnetenwatch.de/profile/lisa-paus"
[1] "fetching profile page at https://www.abgeordnetenwatch.de/profile/petra-pau"
[1] "fetching profile page at https://www.abgeordnetenwatch.de/profile/martin-patzelt"
[1] "fetching profile page at https://www.abgeordnetenwatch.de/profile/sylvia-pantel"
[1] "fetching profile page at https://www.abgeordnetenwatch.de/profile/aydan-ozoguz"
[1] "fetching profile page at https://www.abgeordnetenwatch.de/profile/friedrich-ostendorff"
[1] "fetching profile page at https://www.abgeordnetenwatch.de/profile/henning-otte"
[1] "fetching profile page at https://www.abgeordnetenwatch.de/profile/cem-ozdemir"
[1] "fetching profile page at https://www.abgeordnetenwatch.de/profile/omid-nouripour"
[1] "fetching profile page at https://www.abgeordnetenwatch.de/profile/georg-nuslein"
[1] "fetching profile page at https://www.abgeordnetenwatch.de/profile/wilfried-oellers"
[1] "fetching profile page at https://www.abgeordnetenwatch.de/profile/thomas-oppermann"
[1] "fetching profile page at https://www.abgeordnetenwatch.de/profile/florian-osner"
[1] "fetching profile page at https://www.abgeordnetenwatch.de/profile/dr-alexander-s-neu"
[1] "fetching profile page at https://www.abgeordnetenwatch.de/profile/dr-andreas-nick"
[1] "fetching profile page at https://www.abgeordnetenwatch.de/profile/dietmar-nietan"
[1] "fetching profile page at https://www.abgeordnetenwatch.de/profile/ulli-nissen"
[1] "fetching profile page at https://www.abgeordnetenwatch.de/profile/michaela-noll"
[1] "fetching profile page at https://www.abgeordnetenwatch.de/profile/thomas-nord"
[1] "fetching profile page at https://www.abgeordnetenwatch.de/profile/stefan-muller"
[1] "fetching profile page at https://www.abgeordnetenwatch.de/profile/carsten-muller"
[1] "fetching profile page at https://www.abgeordnetenwatch.de/profile/beate-muller-gemmeke"
[1] "fetching profile page at https://www.abgeordnetenwatch.de/profile/michelle-muntefering"
[1] "fetching profile page at https://www.abgeordnetenwatch.de/profile/gerd-muller-2"
[1] "fetching profile page at https://www.abgeordnetenwatch.de/profile/niema-movassat"
[1] "fetching profile page at https://www.abgeordnetenwatch.de/profile/dietrich-monstadt"
[1] "fetching profile page at https://www.abgeordnetenwatch.de/profile/karsten-moring"
[1] "fetching profile page at https://www.abgeordnetenwatch.de/profile/cornelia-mohring"
[1] "fetching profile page at https://www.abgeordnetenwatch.de/profile/susanne-mittag"
[1] "fetching profile page at https://www.abgeordnetenwatch.de/profile/klaus-mindrup"
[1] "fetching profile page at https://www.abgeordnetenwatch.de/profile/irene-mihalic"
[1] "fetching profile page at https://www.abgeordnetenwatch.de/profile/hans-michelbach"
[1] "fetching profile page at https://www.abgeordnetenwatch.de/profile/mathias-middelberg"
[1] "fetching profile page at https://www.abgeordnetenwatch.de/profile/dr-matthias-miersch"
[1] "fetching profile page at https://www.abgeordnetenwatch.de/profile/stephan-mayer"
[1] "fetching profile page at https://www.abgeordnetenwatch.de/profile/dr-michael-meister"
[1] "fetching profile page at https://www.abgeordnetenwatch.de/profile/angela-merkel"
[1] "fetching profile page at https://www.abgeordnetenwatch.de/profile/gisela-manderla"
[1] "fetching profile page at https://www.abgeordnetenwatch.de/profile/caren-marks"
[1] "fetching profile page at https://www.abgeordnetenwatch.de/profile/katja-mast"
[1] "fetching profile page at https://www.abgeordnetenwatch.de/profile/andreas-mattfeldt"
[1] "fetching profile page at https://www.abgeordnetenwatch.de/profile/karin-maag"
[1] "fetching profile page at https://www.abgeordnetenwatch.de/profile/kirsten-luhmann"
[1] "fetching profile page at https://www.abgeordnetenwatch.de/profile/daniela-ludwig"
[1] "fetching profile page at https://www.abgeordnetenwatch.de/profile/dr-jan-marco-luczak"
[1] "fetching profile page at https://www.abgeordnetenwatch.de/profile/carsten-linnemann"
[1] "fetching profile page at https://www.abgeordnetenwatch.de/profile/patricia-lips"
[1] "fetching profile page at https://www.abgeordnetenwatch.de/profile/burkhard-lischka"
[1] "fetching profile page at https://www.abgeordnetenwatch.de/profile/andrea-lindholz"
[1] "fetching profile page at https://www.abgeordnetenwatch.de/profile/dr-tobias-lindner"
[1] "fetching profile page at https://www.abgeordnetenwatch.de/profile/dr-andreas-lenz"
[1] "fetching profile page at https://www.abgeordnetenwatch.de/profile/michael-leutert"
[1] "fetching profile page at https://www.abgeordnetenwatch.de/profile/antje-lezius"
[1] "fetching profile page at https://www.abgeordnetenwatch.de/profile/stefan-liebich"
[1] "fetching profile page at https://www.abgeordnetenwatch.de/profile/ralph-lenkert"
[1] "fetching profile page at https://www.abgeordnetenwatch.de/profile/steffi-lemke"
[1] "fetching profile page at https://www.abgeordnetenwatch.de/profile/sabine-leidig"
[1] "fetching profile page at https://www.abgeordnetenwatch.de/profile/paul-lehrieder"
[1] "fetching profile page at https://www.abgeordnetenwatch.de/profile/monika-lazar"
[1] "fetching profile page at https://www.abgeordnetenwatch.de/profile/caren-lay"
[1] "fetching profile page at https://www.abgeordnetenwatch.de/profile/christine-lambrecht"
[1] "fetching profile page at https://www.abgeordnetenwatch.de/profile/dr-karl-lamers"
[1] "fetching profile page at https://www.abgeordnetenwatch.de/profile/andreas-lammel"
[1] "fetching profile page at https://www.abgeordnetenwatch.de/profile/katharina-landgraf"
[1] "fetching profile page at https://www.abgeordnetenwatch.de/profile/christian-lange-2"
[1] "fetching profile page at https://www.abgeordnetenwatch.de/profile/ulrich-lange"
[1] "fetching profile page at https://www.abgeordnetenwatch.de/profile/karl-lauterbach"
[1] "fetching profile page at https://www.abgeordnetenwatch.de/profile/renate-kunast"
[1] "fetching profile page at https://www.abgeordnetenwatch.de/profile/roy-kuhne"
[1] "fetching profile page at https://www.abgeordnetenwatch.de/profile/chris-kuhn"
[1] "fetching profile page at https://www.abgeordnetenwatch.de/profile/stephan-kuhn"
[1] "fetching profile page at https://www.abgeordnetenwatch.de/profile/anette-kramme"
[1] "fetching profile page at https://www.abgeordnetenwatch.de/profile/jutta-krellmann"
[1] "fetching profile page at https://www.abgeordnetenwatch.de/profile/gunther-krichbaum"
[1] "fetching profile page at https://www.abgeordnetenwatch.de/profile/gunter-krings"
[1] "fetching profile page at https://www.abgeordnetenwatch.de/profile/oliver-krischer"
[1] "fetching profile page at https://www.abgeordnetenwatch.de/profile/rudiger-kruse"
[1] "fetching profile page at https://www.abgeordnetenwatch.de/profile/jens-koeppen"
[1] "fetching profile page at https://www.abgeordnetenwatch.de/profile/dr-barbel-kofler"
[1] "fetching profile page at https://www.abgeordnetenwatch.de/profile/daniela-kolbe"
[1] "fetching profile page at https://www.abgeordnetenwatch.de/profile/markus-koob"
[1] "fetching profile page at https://www.abgeordnetenwatch.de/profile/carsten-korber"
[1] "fetching profile page at https://www.abgeordnetenwatch.de/profile/axel-knoerig"
[1] "fetching profile page at https://www.abgeordnetenwatch.de/profile/maria-klein-schmeink"
[1] "fetching profile page at https://www.abgeordnetenwatch.de/profile/lars-klingbeil"
[1] "fetching profile page at https://www.abgeordnetenwatch.de/profile/dr-georg-kippels"
[1] "fetching profile page at https://www.abgeordnetenwatch.de/profile/katja-kipping"
[1] "fetching profile page at https://www.abgeordnetenwatch.de/profile/cansel-kiziltepe"
[1] "fetching profile page at https://www.abgeordnetenwatch.de/profile/arno-klare"
[1] "fetching profile page at https://www.abgeordnetenwatch.de/profile/roderich-kiesewetter"
[1] "fetching profile page at https://www.abgeordnetenwatch.de/profile/katja-keul"
[1] "fetching profile page at https://www.abgeordnetenwatch.de/profile/anja-karliczek"
[1] "fetching profile page at https://www.abgeordnetenwatch.de/profile/kerstin-kassner"
[1] "fetching profile page at https://www.abgeordnetenwatch.de/profile/gabriele-katzmarek"
[1] "fetching profile page at https://www.abgeordnetenwatch.de/profile/volker-kauder"
[1] "fetching profile page at https://www.abgeordnetenwatch.de/profile/stefan-kaufmann"
[1] "fetching profile page at https://www.abgeordnetenwatch.de/profile/uwe-kekeritz"
[1] "fetching profile page at https://www.abgeordnetenwatch.de/profile/ulrich-wolfgang-kelber/archive/263813"
[1] "fetching profile page at https://www.abgeordnetenwatch.de/profile/ralf-kapschack"
[1] "fetching profile page at https://www.abgeordnetenwatch.de/profile/alois-karl"
[1] "fetching profile page at https://www.abgeordnetenwatch.de/profile/johannes-kahrs"
[1] "fetching profile page at https://www.abgeordnetenwatch.de/profile/josip-juratovic"
[1] "fetching profile page at https://www.abgeordnetenwatch.de/profile/thomas-jurk"
[1] "fetching profile page at https://www.abgeordnetenwatch.de/profile/frank-junge"
[1] "fetching profile page at https://www.abgeordnetenwatch.de/profile/erich-irlstorfer"
[1] "fetching profile page at https://www.abgeordnetenwatch.de/profile/dieter-janecek"
[1] "fetching profile page at https://www.abgeordnetenwatch.de/profile/thomas-jarzombek"
[1] "fetching profile page at https://www.abgeordnetenwatch.de/profile/andrej-hunko"
[1] "fetching profile page at https://www.abgeordnetenwatch.de/profile/eva-hogl"
[1] "fetching profile page at https://www.abgeordnetenwatch.de/profile/karl-holmeier"
[1] "fetching profile page at https://www.abgeordnetenwatch.de/profile/hendrik-hoppenstedt"
[1] "fetching profile page at https://www.abgeordnetenwatch.de/profile/dr-anton-hofreiter"
[1] "fetching profile page at https://www.abgeordnetenwatch.de/profile/alexander-hoffmann"
[1] "fetching profile page at https://www.abgeordnetenwatch.de/profile/prof-dr-heribert-hirte"
[1] "fetching profile page at https://www.abgeordnetenwatch.de/profile/marcus-held"
[1] "fetching profile page at https://www.abgeordnetenwatch.de/profile/mark-helfrich"
[1] "fetching profile page at https://www.abgeordnetenwatch.de/profile/wolfgang-hellmich"
[1] "fetching profile page at https://www.abgeordnetenwatch.de/profile/barbara-hendricks"
[1] "fetching profile page at https://www.abgeordnetenwatch.de/profile/rudolf-henke"
[1] "fetching profile page at https://www.abgeordnetenwatch.de/profile/michael-hennrich"
[1] "fetching profile page at https://www.abgeordnetenwatch.de/profile/gustav-herzog"
[1] "fetching profile page at https://www.abgeordnetenwatch.de/profile/ansgar-heveling"
[1] "fetching profile page at https://www.abgeordnetenwatch.de/profile/gabriele-hiller-ohm"
[1] "fetching profile page at https://www.abgeordnetenwatch.de/profile/dirk-heidenblut"
[1] "fetching profile page at https://www.abgeordnetenwatch.de/profile/matthias-heider"
[1] "fetching profile page at https://www.abgeordnetenwatch.de/profile/hubertus-heil"
[1] "fetching profile page at https://www.abgeordnetenwatch.de/profile/mechthild-heil"
[1] "fetching profile page at https://www.abgeordnetenwatch.de/profile/frank-heinrich"
[1] "fetching profile page at https://www.abgeordnetenwatch.de/profile/gabriela-heinrich"
[1] "fetching profile page at https://www.abgeordnetenwatch.de/profile/mark-hauptmann"
[1] "fetching profile page at https://www.abgeordnetenwatch.de/profile/matthias-hauer"
[1] "fetching profile page at https://www.abgeordnetenwatch.de/profile/britta-haselmann"
[1] "fetching profile page at https://www.abgeordnetenwatch.de/profile/sebastian-hartmann"
[1] "fetching profile page at https://www.abgeordnetenwatch.de/profile/metin-hakverdi"
[1] "fetching profile page at https://www.abgeordnetenwatch.de/profile/dr-andre-hahn"
[1] "fetching profile page at https://www.abgeordnetenwatch.de/profile/florian-hahn"
[1] "fetching profile page at https://www.abgeordnetenwatch.de/profile/anja-hajduk"
[1] "fetching profile page at https://www.abgeordnetenwatch.de/profile/rita-hagl-kehl"
[1] "fetching profile page at https://www.abgeordnetenwatch.de/profile/christian-haase"
[1] "fetching profile page at https://www.abgeordnetenwatch.de/profile/bettina-hagedorn"
[1] "fetching profile page at https://www.abgeordnetenwatch.de/profile/dr-gregor-gysi"
[1] "fetching profile page at https://www.abgeordnetenwatch.de/profile/fritz-guntzler"
[1] "fetching profile page at https://www.abgeordnetenwatch.de/profile/olav-gutting"
[1] "fetching profile page at https://www.abgeordnetenwatch.de/profile/astrid-groteluschen"
[1] "fetching profile page at https://www.abgeordnetenwatch.de/profile/uli-grotsch"
[1] "fetching profile page at https://www.abgeordnetenwatch.de/profile/markus-grubel"
[1] "fetching profile page at https://www.abgeordnetenwatch.de/profile/manfred-grund"
[1] "fetching profile page at https://www.abgeordnetenwatch.de/profile/oliver-grundmann"
[1] "fetching profile page at https://www.abgeordnetenwatch.de/profile/monika-grutters"
[1] "fetching profile page at https://www.abgeordnetenwatch.de/profile/michael-gros"
[1] "fetching profile page at https://www.abgeordnetenwatch.de/profile/kerstin-griese"
[1] "fetching profile page at https://www.abgeordnetenwatch.de/profile/nicole-gohlke"
[1] "fetching profile page at https://www.abgeordnetenwatch.de/profile/martin-gerster"
[1] "fetching profile page at https://www.abgeordnetenwatch.de/profile/eberhard-gienger"
[1] "fetching profile page at https://www.abgeordnetenwatch.de/profile/kai-gehring"
[1] "fetching profile page at https://www.abgeordnetenwatch.de/profile/michael-gerdes"
[1] "fetching profile page at https://www.abgeordnetenwatch.de/profile/alois-gerig"
[1] "fetching profile page at https://www.abgeordnetenwatch.de/profile/sigmar-gabriel"
[1] "fetching profile page at https://www.abgeordnetenwatch.de/profile/ingo-gadechens"
[1] "fetching profile page at https://www.abgeordnetenwatch.de/profile/matthias-gastel"
[1] "fetching profile page at https://www.abgeordnetenwatch.de/profile/thomas-gebhart"
[1] "fetching profile page at https://www.abgeordnetenwatch.de/profile/hans-peter-friedrich"
[1] "fetching profile page at https://www.abgeordnetenwatch.de/profile/michael-frieser"
[1] "fetching profile page at https://www.abgeordnetenwatch.de/profile/dagmar-freitag"
[1] "fetching profile page at https://www.abgeordnetenwatch.de/profile/dr-edgar-franke"
[1] "fetching profile page at https://www.abgeordnetenwatch.de/profile/ulrich-freese"
[1] "fetching profile page at https://www.abgeordnetenwatch.de/profile/thorsten-frei"
[1] "fetching profile page at https://www.abgeordnetenwatch.de/profile/dr-maria-flachsbarth"
[1] "fetching profile page at https://www.abgeordnetenwatch.de/profile/klaus-ernst"
[1] "fetching profile page at https://www.abgeordnetenwatch.de/profile/saskia-esken"
[1] "fetching profile page at https://www.abgeordnetenwatch.de/profile/hermann-farber"
[1] "fetching profile page at https://www.abgeordnetenwatch.de/profile/dr-johannes-fechner"
[1] "fetching profile page at https://www.abgeordnetenwatch.de/profile/uwe-feiler"
[1] "fetching profile page at https://www.abgeordnetenwatch.de/profile/dr-fritz-felgentreu"
[1] "fetching profile page at https://www.abgeordnetenwatch.de/profile/enak-ferlemann"
[1] "fetching profile page at https://www.abgeordnetenwatch.de/profile/michael-donth"
[1] "fetching profile page at https://www.abgeordnetenwatch.de/profile/katja-dorner"
[1] "fetching profile page at https://www.abgeordnetenwatch.de/profile/marie-luise-dott"
[1] "fetching profile page at https://www.abgeordnetenwatch.de/profile/katharina-droge"
[1] "fetching profile page at https://www.abgeordnetenwatch.de/profile/hansjorg-durz"
[1] "fetching profile page at https://www.abgeordnetenwatch.de/profile/harald-ebner"
[1] "fetching profile page at https://www.abgeordnetenwatch.de/profile/ekin-deligoz"
[1] "fetching profile page at https://www.abgeordnetenwatch.de/profile/dr-karamba-diaby"
[1] "fetching profile page at https://www.abgeordnetenwatch.de/profile/sabine-dittmar"
[1] "fetching profile page at https://www.abgeordnetenwatch.de/profile/alexander-dobrindt"
[1] "fetching profile page at https://www.abgeordnetenwatch.de/profile/kees-de-vries"
[1] "fetching profile page at https://www.abgeordnetenwatch.de/profile/dr-thomas-de-maiziere"
[1] "fetching profile page at https://www.abgeordnetenwatch.de/profile/dr-daniela-de-ridder"
[1] "fetching profile page at https://www.abgeordnetenwatch.de/profile/prof-dr-lars-castellucci"
[1] "fetching profile page at https://www.abgeordnetenwatch.de/profile/gitta-connemann"
[1] "fetching profile page at https://www.abgeordnetenwatch.de/profile/sevim-dagdelen"
[1] "fetching profile page at https://www.abgeordnetenwatch.de/profile/bernhard-daldrup"
[1] "fetching profile page at https://www.abgeordnetenwatch.de/profile/marco-bulow"
[1] "fetching profile page at https://www.abgeordnetenwatch.de/profile/martin-burkert"
[1] "fetching profile page at https://www.abgeordnetenwatch.de/profile/dr-reinhard-brandl"
[1] "fetching profile page at https://www.abgeordnetenwatch.de/profile/dr-franziska-brantner"
[1] "fetching profile page at https://www.abgeordnetenwatch.de/profile/dr-ralf-brauksiepe/archive/263558"
[1] "fetching profile page at https://www.abgeordnetenwatch.de/profile/dr-helge-braun"
[1] "fetching profile page at https://www.abgeordnetenwatch.de/profile/heike-brehmer"
[1] "fetching profile page at https://www.abgeordnetenwatch.de/profile/ralph-brinkhaus"
[1] "fetching profile page at https://www.abgeordnetenwatch.de/profile/peter-bleser"
[1] "fetching profile page at https://www.abgeordnetenwatch.de/profile/heidrun-bluhm"
[1] "fetching profile page at https://www.abgeordnetenwatch.de/profile/norbert-brackmann"
[1] "fetching profile page at https://www.abgeordnetenwatch.de/profile/lothar-binding"
[1] "fetching profile page at https://www.abgeordnetenwatch.de/profile/steffen-bilger"
[1] "fetching profile page at https://www.abgeordnetenwatch.de/profile/peter-beyer"
[1] "fetching profile page at https://www.abgeordnetenwatch.de/profile/andre-berghegger"
[1] "fetching profile page at https://www.abgeordnetenwatch.de/profile/sybille-benning"
[1] "fetching profile page at https://www.abgeordnetenwatch.de/profile/veronika-bellmann"
[1] "fetching profile page at https://www.abgeordnetenwatch.de/profile/manfred-behrens"
[1] "fetching profile page at https://www.abgeordnetenwatch.de/profile/maik-beermann"
[1] "fetching profile page at https://www.abgeordnetenwatch.de/profile/dr-dietmar-bartsch"
[1] "fetching profile page at https://www.abgeordnetenwatch.de/profile/barbel-bas"
[1] "fetching profile page at https://www.abgeordnetenwatch.de/profile/doris-barnett"
[1] "fetching profile page at https://www.abgeordnetenwatch.de/profile/norbert-barthle"
[1] "fetching profile page at https://www.abgeordnetenwatch.de/profile/thomas-bareis"
[1] "fetching profile page at https://www.abgeordnetenwatch.de/profile/dr-katarina-barley-0"
[1] "fetching profile page at https://www.abgeordnetenwatch.de/profile/dorothee-bar"
[1] "fetching profile page at https://www.abgeordnetenwatch.de/profile/kerstin-andreae"
[1] "fetching profile page at https://www.abgeordnetenwatch.de/profile/niels-annen"
[1] "fetching profile page at https://www.abgeordnetenwatch.de/profile/ingrid-arndt-brauer"
[1] "fetching profile page at https://www.abgeordnetenwatch.de/profile/heike-baehrens"
[1] "fetching profile page at https://www.abgeordnetenwatch.de/profile/annalena-baerbock"
[1] "fetching profile page at https://www.abgeordnetenwatch.de/profile/stephan-albani"
[1] "fetching profile page at https://www.abgeordnetenwatch.de/profile/christian-petry"
[1] "fetching profile page at https://www.abgeordnetenwatch.de/profile/wolfgang-strengmann-kuhn"
[1] "fetching profile page at https://www.abgeordnetenwatch.de/profile/ronja-kemmer"
[1] "fetching profile page at https://www.abgeordnetenwatch.de/profile/angelika-glockner"
[1] "fetching profile page at https://www.abgeordnetenwatch.de/profile/detlef-muller"
[1] "fetching profile page at https://www.abgeordnetenwatch.de/profile/dr-alice-weidel"
[1] "fetching profile page at https://www.abgeordnetenwatch.de/profile/bernd-riexinger"
[1] "fetching profile page at https://www.abgeordnetenwatch.de/profile/alexander-kulitz"
[1] "fetching profile page at https://www.abgeordnetenwatch.de/profile/gokay-akbulut"
[1] "fetching profile page at https://www.abgeordnetenwatch.de/profile/alexander-throm"
[1] "fetching profile page at https://www.abgeordnetenwatch.de/profile/jens-brandenburg"
[1] "fetching profile page at https://www.abgeordnetenwatch.de/profile/jessica-tatti"
[1] "fetching profile page at https://www.abgeordnetenwatch.de/profile/marc-bernhard"
[1] "fetching profile page at https://www.abgeordnetenwatch.de/profile/markus-frohnmaier"
[1] "fetching profile page at https://www.abgeordnetenwatch.de/profile/felix-schreiner"
[1] "fetching profile page at https://www.abgeordnetenwatch.de/profile/michel-brandt"
[1] "fetching profile page at https://www.abgeordnetenwatch.de/profile/benjamin-strasser"
[1] "fetching profile page at https://www.abgeordnetenwatch.de/profile/thomas-seitz"
[1] "fetching profile page at https://www.abgeordnetenwatch.de/profile/dr-nils-schmid"
[1] "fetching profile page at https://www.abgeordnetenwatch.de/profile/brigitte-freihold"
[1] "fetching profile page at https://www.abgeordnetenwatch.de/profile/sandra-weeser"
[1] "fetching profile page at https://www.abgeordnetenwatch.de/profile/canan-bayram"
[1] "fetching profile page at https://www.abgeordnetenwatch.de/profile/evrim-sommer"
[1] "fetching profile page at https://www.abgeordnetenwatch.de/profile/stefan-gelbhaar"
[1] "fetching profile page at https://www.abgeordnetenwatch.de/profile/pascal-meiser"
[1] "fetching profile page at https://www.abgeordnetenwatch.de/profile/annette-widmann-mauz-2"
[1] "fetching profile page at https://www.abgeordnetenwatch.de/profile/bijan-djir-sarai"
[1] "fetching profile page at https://www.abgeordnetenwatch.de/profile/christine-aschenberg-dugnus"
[1] "fetching profile page at https://www.abgeordnetenwatch.de/profile/florian-toncar"
[1] "fetching profile page at https://www.abgeordnetenwatch.de/profile/dr-hermann-otto-solms"
[1] "fetching profile page at https://www.abgeordnetenwatch.de/profile/erhard-grundl"
[1] "fetching profile page at https://www.abgeordnetenwatch.de/profile/frank-schaffler"
[1] "fetching profile page at https://www.abgeordnetenwatch.de/profile/hartmut-ebbing"
[1] "fetching profile page at https://www.abgeordnetenwatch.de/profile/jens-lehmann"
[1] "fetching profile page at https://www.abgeordnetenwatch.de/profile/marco-buschmann"
[1] "fetching profile page at https://www.abgeordnetenwatch.de/profile/martin-hohmann"
[1] "fetching profile page at https://www.abgeordnetenwatch.de/profile/michael-link"
[1] "fetching profile page at https://www.abgeordnetenwatch.de/profile/michael-grosse-bromer-2"
[1] "fetching profile page at https://www.abgeordnetenwatch.de/profile/otto-fricke"
[1] "fetching profile page at https://www.abgeordnetenwatch.de/profile/pascal-kober"
[1] "fetching profile page at https://www.abgeordnetenwatch.de/profile/prof-dr-martin-neumann"
[1] "fetching profile page at https://www.abgeordnetenwatch.de/profile/stephan-thomae"
[1] "fetching profile page at https://www.abgeordnetenwatch.de/profile/alexander-muller-2"
[1] "fetching profile page at https://www.abgeordnetenwatch.de/profile/bettina-stark-watzinger"
[1] "fetching profile page at https://www.abgeordnetenwatch.de/profile/britta-katharina-dassler"
[1] "fetching profile page at https://www.abgeordnetenwatch.de/profile/christian-lindner"
[1] "fetching profile page at https://www.abgeordnetenwatch.de/profile/daniela-wagner"
[1] "fetching profile page at https://www.abgeordnetenwatch.de/profile/marcel-klinge"
[1] "fetching profile page at https://www.abgeordnetenwatch.de/profile/dr-stefan-ruppert"
[1] "fetching profile page at https://www.abgeordnetenwatch.de/profile/hagen-reinhold"
[1] "fetching profile page at https://www.abgeordnetenwatch.de/profile/ingrid-nestle"
[1] "fetching profile page at https://www.abgeordnetenwatch.de/profile/jimmy-schulz"
[1] "fetching profile page at https://www.abgeordnetenwatch.de/profile/johannes-vogel"
[1] "fetching profile page at https://www.abgeordnetenwatch.de/profile/judith-skudelny"
[1] "fetching profile page at https://www.abgeordnetenwatch.de/profile/lisa-badum"
[1] "fetching profile page at https://www.abgeordnetenwatch.de/profile/manuel-hoferlin"
[1] "fetching profile page at https://www.abgeordnetenwatch.de/profile/matthias-seestern-pauly"
[1] "fetching profile page at https://www.abgeordnetenwatch.de/profile/oliver-luksic"
[1] "fetching profile page at https://www.abgeordnetenwatch.de/profile/peter-aumer"
[1] "fetching profile page at https://www.abgeordnetenwatch.de/profile/ingrid-lieselotte-remmers"
[1] "fetching profile page at https://www.abgeordnetenwatch.de/profile/andreas-wagner-2"
[1] "fetching profile page at https://www.abgeordnetenwatch.de/profile/claudia-muller"
[1] "fetching profile page at https://www.abgeordnetenwatch.de/profile/danyal-bayaz"
[1] "fetching profile page at https://www.abgeordnetenwatch.de/profile/dr-bernd-buchholz/archive/251924"
[1] "fetching profile page at https://www.abgeordnetenwatch.de/profile/dr-marc-jongen-2"
[1] "fetching profile page at https://www.abgeordnetenwatch.de/profile/jorn-konig"
[1] "fetching profile page at https://www.abgeordnetenwatch.de/profile/katrin-helling-plahr"
[1] "fetching profile page at https://www.abgeordnetenwatch.de/profile/marcus-faber"
[1] "fetching profile page at https://www.abgeordnetenwatch.de/profile/margit-stumpp"
[1] "fetching profile page at https://www.abgeordnetenwatch.de/profile/mario-mieruch"
[1] "fetching profile page at https://www.abgeordnetenwatch.de/profile/martin-e-renner"
[1] "fetching profile page at https://www.abgeordnetenwatch.de/profile/michael-schrodi"
[1] "fetching profile page at https://www.abgeordnetenwatch.de/profile/prof-dr-axel-gehrke"
[1] "fetching profile page at https://www.abgeordnetenwatch.de/profile/renata-alt"
[1] "fetching profile page at https://www.abgeordnetenwatch.de/profile/stefan-schmidt"
[1] "fetching profile page at https://www.abgeordnetenwatch.de/profile/stephan-protschka"
[1] "fetching profile page at https://www.abgeordnetenwatch.de/profile/thomas-ehrhorn"
[1] "fetching profile page at https://www.abgeordnetenwatch.de/profile/till-mansmann"
[1] "fetching profile page at https://www.abgeordnetenwatch.de/profile/tobias-matthias-peterka"
[1] "fetching profile page at https://www.abgeordnetenwatch.de/profile/tobias-pfluger"
[1] "fetching profile page at https://www.abgeordnetenwatch.de/profile/volker-munz"
[1] "fetching profile page at https://www.abgeordnetenwatch.de/profile/wolfgang-kubicki"
[1] "fetching profile page at https://www.abgeordnetenwatch.de/profile/daniela-langer"
[1] "fetching profile page at https://www.abgeordnetenwatch.de/profile/thomas-heilmann"
[1] "fetching profile page at https://www.abgeordnetenwatch.de/profile/enrico-komning"
[1] "fetching profile page at https://www.abgeordnetenwatch.de/profile/ulrike-schielke-ziesing"
[1] "fetching profile page at https://www.abgeordnetenwatch.de/profile/leif-erik-holm"
[1] "fetching profile page at https://www.abgeordnetenwatch.de/profile/birke-bull"
[1] "fetching profile page at https://www.abgeordnetenwatch.de/profile/katrin-budde"
[1] "fetching profile page at https://www.abgeordnetenwatch.de/profile/matthias-hohn"
[1] "fetching profile page at https://www.abgeordnetenwatch.de/profile/elisabeth-motschmann-2"
[1] "fetching profile page at https://www.abgeordnetenwatch.de/profile/christian-sauter"
[1] "fetching profile page at https://www.abgeordnetenwatch.de/profile/petra-nicolaisen"
[1] "fetching profile page at https://www.abgeordnetenwatch.de/profile/nikolas-lobel"
[1] "fetching profile page at https://www.abgeordnetenwatch.de/profile/linda-teuteberg"
[1] "fetching profile page at https://www.abgeordnetenwatch.de/profile/margarete-bause"
[1] "fetching profile page at https://www.abgeordnetenwatch.de/profile/karsten-klein"
[1] "fetching profile page at https://www.abgeordnetenwatch.de/profile/katja-hessel"
[1] "fetching profile page at https://www.abgeordnetenwatch.de/profile/thomas-hacker"
[1] "fetching profile page at https://www.abgeordnetenwatch.de/profile/christoph-meyer"
[1] "fetching profile page at https://www.abgeordnetenwatch.de/profile/dr-bettina-hoffmann"
[1] "fetching profile page at https://www.abgeordnetenwatch.de/profile/hans-jurgen-irmer"
[1] "fetching profile page at https://www.abgeordnetenwatch.de/profile/nicola-beer/archive/253764"
[1] "fetching profile page at https://www.abgeordnetenwatch.de/profile/peter-heidt"
[1] "fetching profile page at https://www.abgeordnetenwatch.de/profile/timon-gremmels"
[1] "fetching profile page at https://www.abgeordnetenwatch.de/profile/achim-kessler"
[1] "fetching profile page at https://www.abgeordnetenwatch.de/profile/christian-durr"
[1] "fetching profile page at https://www.abgeordnetenwatch.de/profile/dr-gero-hocker"
[1] "fetching profile page at https://www.abgeordnetenwatch.de/profile/filiz-polat"
[1] "fetching profile page at https://www.abgeordnetenwatch.de/profile/ottmar-von-holtz"
[1] "fetching profile page at https://www.abgeordnetenwatch.de/profile/victor-perli"
[1] "fetching profile page at https://www.abgeordnetenwatch.de/profile/jens-beeck"
[1] "fetching profile page at https://www.abgeordnetenwatch.de/profile/markus-tons"
[1] "fetching profile page at https://www.abgeordnetenwatch.de/profile/karlheinz-busen"
[1] "fetching profile page at https://www.abgeordnetenwatch.de/profile/bernd-reuther"
[1] "fetching profile page at https://www.abgeordnetenwatch.de/profile/marie-agnes-strack-zimmermann"
[1] "fetching profile page at https://www.abgeordnetenwatch.de/profile/katrin-werner"
[1] "fetching profile page at https://www.abgeordnetenwatch.de/profile/heiko-maas"
[1] "fetching profile page at https://www.abgeordnetenwatch.de/profile/markus-uhl"
[1] "fetching profile page at https://www.abgeordnetenwatch.de/profile/astrid-damerow"
[1] "fetching profile page at https://www.abgeordnetenwatch.de/profile/dr-michael-von-abercron"
[1] "fetching profile page at https://www.abgeordnetenwatch.de/profile/luise-amtsberg-2"
[1] "fetching profile page at https://www.abgeordnetenwatch.de/profile/christoph-matschie-2"
[1] "fetching profile page at https://www.abgeordnetenwatch.de/profile/uwe-schmidt-3"
[1] "fetching profile page at https://www.abgeordnetenwatch.de/profile/dr-gottfried-curio"
[1] "fetching profile page at https://www.abgeordnetenwatch.de/profile/daniel-fost"
[1] "fetching profile page at https://www.abgeordnetenwatch.de/profile/nicole-bauer"
[1] "fetching profile page at https://www.abgeordnetenwatch.de/profile/ulrich-lechte"
[1] "fetching profile page at https://www.abgeordnetenwatch.de/profile/dietmar-friedhoff"
[1] "fetching profile page at https://www.abgeordnetenwatch.de/profile/jens-kestner"
[1] "fetching profile page at https://www.abgeordnetenwatch.de/profile/rene-springer"
[1] "fetching profile page at https://www.abgeordnetenwatch.de/profile/matthias-buttner"
[1] "fetching profile page at https://www.abgeordnetenwatch.de/profile/frank-pasemann"
[1] "fetching profile page at https://www.abgeordnetenwatch.de/profile/andreas-mrosek"
[1] "fetching profile page at https://www.abgeordnetenwatch.de/profile/rudiger-lucassen"
[1] "fetching profile page at https://www.abgeordnetenwatch.de/profile/roland-hartwig"
[1] "fetching profile page at https://www.abgeordnetenwatch.de/profile/jorg-schneider"
[1] "fetching profile page at https://www.abgeordnetenwatch.de/profile/udo-hemmelgarn"
[1] "fetching profile page at https://www.abgeordnetenwatch.de/profile/karsten-hilse"
[1] "fetching profile page at https://www.abgeordnetenwatch.de/profile/tino-chrupalla"
[1] "fetching profile page at https://www.abgeordnetenwatch.de/profile/jens-maier"
[1] "fetching profile page at https://www.abgeordnetenwatch.de/profile/heiko-hessenkemper"
[1] "fetching profile page at https://www.abgeordnetenwatch.de/profile/ulrich-oehme"
[1] "fetching profile page at https://www.abgeordnetenwatch.de/profile/jan-nolte"
[1] "fetching profile page at https://www.abgeordnetenwatch.de/profile/albrecht-glaser"
[1] "fetching profile page at https://www.abgeordnetenwatch.de/profile/uwe-schulz-2"
[1] "fetching profile page at https://www.abgeordnetenwatch.de/profile/mariana-harder-kuhnel"
[1] "fetching profile page at https://www.abgeordnetenwatch.de/profile/jurgen-pohl"
[1] "fetching profile page at https://www.abgeordnetenwatch.de/profile/robby-schlund"
[1] "fetching profile page at https://www.abgeordnetenwatch.de/profile/andreas-bleck"
[1] "fetching profile page at https://www.abgeordnetenwatch.de/profile/nicole-hochst"
[1] "fetching profile page at https://www.abgeordnetenwatch.de/profile/sebastian-munzenmaier"
[1] "fetching profile page at https://www.abgeordnetenwatch.de/profile/heiko-wildberg"
[1] "fetching profile page at https://www.abgeordnetenwatch.de/profile/johannes-huber"
[1] "fetching profile page at https://www.abgeordnetenwatch.de/profile/wolfgang-wiehle"
[1] "fetching profile page at https://www.abgeordnetenwatch.de/profile/gerold-otten"
[1] "fetching profile page at https://www.abgeordnetenwatch.de/profile/martin-hebner"
[1] "fetching profile page at https://www.abgeordnetenwatch.de/profile/hansjorg-muller"
[1] "fetching profile page at https://www.abgeordnetenwatch.de/profile/peter-boehringer"
[1] "fetching profile page at https://www.abgeordnetenwatch.de/profile/paul-podolay"
[1] "fetching profile page at https://www.abgeordnetenwatch.de/profile/martin-sichert"
[1] "fetching profile page at https://www.abgeordnetenwatch.de/profile/rainer-kraft"
[1] "fetching profile page at https://www.abgeordnetenwatch.de/profile/peter-felser"
[1] "fetching profile page at https://www.abgeordnetenwatch.de/profile/dirk-spaniel"
[1] "fetching profile page at https://www.abgeordnetenwatch.de/profile/lothar-maier-2"
[1] "fetching profile page at https://www.abgeordnetenwatch.de/profile/jurgen-braun"
[1] "fetching profile page at https://www.abgeordnetenwatch.de/profile/martin-hess"
[1] "fetching profile page at https://www.abgeordnetenwatch.de/profile/melanie-bernstein"
[1] "fetching profile page at https://www.abgeordnetenwatch.de/profile/claudia-schmidtke"
[1] "fetching profile page at https://www.abgeordnetenwatch.de/profile/philipp-amthor"
[1] "fetching profile page at https://www.abgeordnetenwatch.de/profile/silvia-breher"
[1] "fetching profile page at https://www.abgeordnetenwatch.de/profile/dietlind-tiemann"
[1] "fetching profile page at https://www.abgeordnetenwatch.de/profile/eckhard-gnodtke"
[1] "fetching profile page at https://www.abgeordnetenwatch.de/profile/sepp-muller"
[1] "fetching profile page at https://www.abgeordnetenwatch.de/profile/christoph-bernstiel"
[1] "fetching profile page at https://www.abgeordnetenwatch.de/profile/torsten-schweiger"
[1] "fetching profile page at https://www.abgeordnetenwatch.de/profile/carsten-brodesser"
[1] "fetching profile page at https://www.abgeordnetenwatch.de/profile/hermann-josef-tebroke"
[1] "fetching profile page at https://www.abgeordnetenwatch.de/profile/stefan-rouenhoff"
[1] "fetching profile page at https://www.abgeordnetenwatch.de/profile/marc-henrichmann"
[1] "fetching profile page at https://www.abgeordnetenwatch.de/profile/kerstin-vieregge"
[1] "fetching profile page at https://www.abgeordnetenwatch.de/profile/paul-ziemiak"
[1] "fetching profile page at https://www.abgeordnetenwatch.de/profile/hans-jurgen-thies"
[1] "fetching profile page at https://www.abgeordnetenwatch.de/profile/ingmar-jung"
[1] "fetching profile page at https://www.abgeordnetenwatch.de/profile/norbert-altenkamp"
[1] "fetching profile page at https://www.abgeordnetenwatch.de/profile/bettina-wiesmann"
[1] "fetching profile page at https://www.abgeordnetenwatch.de/profile/stefan-sauer"
[1] "fetching profile page at https://www.abgeordnetenwatch.de/profile/bjorn-simon"
[1] "fetching profile page at https://www.abgeordnetenwatch.de/profile/astrid-mannes"
[1] "fetching profile page at https://www.abgeordnetenwatch.de/profile/josef-oster"
[1] "fetching profile page at https://www.abgeordnetenwatch.de/profile/andreas-steier"
[1] "fetching profile page at https://www.abgeordnetenwatch.de/profile/torbjorn-kartes"
[1] "fetching profile page at https://www.abgeordnetenwatch.de/profile/marc-biadacz"
[1] "fetching profile page at https://www.abgeordnetenwatch.de/profile/axel-eduard-fischer"
[1] "fetching profile page at https://www.abgeordnetenwatch.de/profile/axel-muller"
[1] "fetching profile page at https://www.abgeordnetenwatch.de/profile/katrin-staffler"
[1] "fetching profile page at https://www.abgeordnetenwatch.de/profile/bernhard-loos"
[1] "fetching profile page at https://www.abgeordnetenwatch.de/profile/michael-kuffer"
[1] "fetching profile page at https://www.abgeordnetenwatch.de/profile/stephan-pilsinger"
[1] "fetching profile page at https://www.abgeordnetenwatch.de/profile/michael-kiesling"
[1] "fetching profile page at https://www.abgeordnetenwatch.de/profile/thomas-erndl"
[1] "fetching profile page at https://www.abgeordnetenwatch.de/profile/sebastian-brehm"
[1] "fetching profile page at https://www.abgeordnetenwatch.de/profile/sven-lehmann"
[1] "fetching profile page at https://www.abgeordnetenwatch.de/profile/manuela-rottmann"
[1] "fetching profile page at https://www.abgeordnetenwatch.de/profile/anna-christmann"
[1] "fetching profile page at https://www.abgeordnetenwatch.de/profile/gerhard-zickenheiner"
[1] "fetching profile page at https://www.abgeordnetenwatch.de/profile/lorenz-gosta-beutin-2"
[1] "fetching profile page at https://www.abgeordnetenwatch.de/profile/amira-mohamed-ali"
[1] "fetching profile page at https://www.abgeordnetenwatch.de/profile/friedrich-straetmanns"
[1] "fetching profile page at https://www.abgeordnetenwatch.de/profile/sylvia-gabelmann"
[1] "fetching profile page at https://www.abgeordnetenwatch.de/profile/soren-pellmann"
[1] "fetching profile page at https://www.abgeordnetenwatch.de/profile/jorg-cezanne"
[1] "fetching profile page at https://www.abgeordnetenwatch.de/profile/eva-schreiber"
[1] "fetching profile page at https://www.abgeordnetenwatch.de/profile/simone-barrientos"
[1] "fetching profile page at https://www.abgeordnetenwatch.de/profile/susanne-ferschl"
[1] "fetching profile page at https://www.abgeordnetenwatch.de/profile/doris-achelwilm"
[1] "fetching profile page at https://www.abgeordnetenwatch.de/profile/ulla-ihnen"
[1] "fetching profile page at https://www.abgeordnetenwatch.de/profile/grigorios-aggelidis"
[1] "fetching profile page at https://www.abgeordnetenwatch.de/profile/frank-sitta"
[1] "fetching profile page at https://www.abgeordnetenwatch.de/profile/katharina-kloke"
[1] "fetching profile page at https://www.abgeordnetenwatch.de/profile/markus-herbrand"
[1] "fetching profile page at https://www.abgeordnetenwatch.de/profile/reinhard-arnold-houben"
[1] "fetching profile page at https://www.abgeordnetenwatch.de/profile/nicole-westig"
[1] "fetching profile page at https://www.abgeordnetenwatch.de/profile/roman-muller-bohm"
[1] "fetching profile page at https://www.abgeordnetenwatch.de/profile/olaf-der-beek"
[1] "fetching profile page at https://www.abgeordnetenwatch.de/profile/carlo-cronenberg"
[1] "fetching profile page at https://www.abgeordnetenwatch.de/profile/frank-muller-rosentritt"
[1] "fetching profile page at https://www.abgeordnetenwatch.de/profile/gerald-ullrich"
[1] "fetching profile page at https://www.abgeordnetenwatch.de/profile/carina-konrad"
[1] "fetching profile page at https://www.abgeordnetenwatch.de/profile/mario-brandenburg"
[1] "fetching profile page at https://www.abgeordnetenwatch.de/profile/thomas-sattelberger"
[1] "fetching profile page at https://www.abgeordnetenwatch.de/profile/lukas-kohler"
[1] "fetching profile page at https://www.abgeordnetenwatch.de/profile/andrew-ullmann"
[1] "fetching profile page at https://www.abgeordnetenwatch.de/profile/christian-jung"
[1] "fetching profile page at https://www.abgeordnetenwatch.de/profile/christoph-hoffmann"
[1] "fetching profile page at https://www.abgeordnetenwatch.de/profile/mathias-stein"
[1] "fetching profile page at https://www.abgeordnetenwatch.de/profile/siemtje-moller"
[1] "fetching profile page at https://www.abgeordnetenwatch.de/profile/marja-liisa-vollers"
[1] "fetching profile page at https://www.abgeordnetenwatch.de/profile/falko-mohrs"
[1] "fetching profile page at https://www.abgeordnetenwatch.de/profile/manja-schule"
[1] "fetching profile page at https://www.abgeordnetenwatch.de/profile/claudia-moll"
[1] "fetching profile page at https://www.abgeordnetenwatch.de/profile/helge-lindh"
[1] "fetching profile page at https://www.abgeordnetenwatch.de/profile/elvan-korkmaz"
[1] "fetching profile page at https://www.abgeordnetenwatch.de/profile/wiebke-esdar"
[1] "fetching profile page at https://www.abgeordnetenwatch.de/profile/nezahat-baradari"
[1] "fetching profile page at https://www.abgeordnetenwatch.de/profile/esther-dilcher"
[1] "fetching profile page at https://www.abgeordnetenwatch.de/profile/elisabeth-kaiser"
[1] "fetching profile page at https://www.abgeordnetenwatch.de/profile/leni-breymaier"
[1] "fetching profile page at https://www.abgeordnetenwatch.de/profile/josephine-ortleb"
[1] "fetching profile page at https://www.abgeordnetenwatch.de/profile/fabian-jacobi"
[1] "fetching profile page at https://www.abgeordnetenwatch.de/profile/jochen-haug"
[1] "fetching profile page at https://www.abgeordnetenwatch.de/profile/berengar-elsner-von-gronow"
[1] "fetching profile page at https://www.abgeordnetenwatch.de/profile/bruno-hollnagel"
[1] "fetching profile page at https://www.abgeordnetenwatch.de/profile/uwe-kamann"
[1] "fetching profile page at https://www.abgeordnetenwatch.de/profile/yasmin-fahimi"
[1] "fetching profile page at https://www.abgeordnetenwatch.de/profile/stefan-keuter"
[1] "fetching profile page at https://www.abgeordnetenwatch.de/profile/michael-espendiller"
[1] "fetching profile page at https://www.abgeordnetenwatch.de/profile/franziska-gminder"
[1] "fetching profile page at https://www.abgeordnetenwatch.de/profile/corinna-miazga"
[1] "fetching profile page at https://www.abgeordnetenwatch.de/profile/gotz-fromming"
[1] "fetching profile page at https://www.abgeordnetenwatch.de/profile/birgit-malsack-winkemann"
[1] "fetching profile page at https://www.abgeordnetenwatch.de/profile/roman-reusch"
[1] "fetching profile page at https://www.abgeordnetenwatch.de/profile/norbert-kleinwachter"
[1] "fetching profile page at https://www.abgeordnetenwatch.de/profile/joana-cotar"
[1] "fetching profile page at https://www.abgeordnetenwatch.de/profile/wilhelm-von-gottberg"
[1] "fetching profile page at https://www.abgeordnetenwatch.de/profile/harald-weyel"
[1] "fetching profile page at https://www.abgeordnetenwatch.de/profile/uwe-witt"
[1] "fetching profile page at https://www.abgeordnetenwatch.de/profile/christian-wirth"
[1] "fetching profile page at https://www.abgeordnetenwatch.de/profile/verena-hartmann"
[1] "fetching profile page at https://www.abgeordnetenwatch.de/profile/martin-reichardt"
[1] "fetching profile page at https://www.abgeordnetenwatch.de/profile/marcus-buhl"
[1] "fetching profile page at https://www.abgeordnetenwatch.de/profile/anton-friesen"
[1] "fetching profile page at https://www.abgeordnetenwatch.de/profile/gyde-jensen"
> 
> # Speichern
> write.csv(prof_urls_complete, 'data/deputies_custom_links_20190702.csv', row.names = FALSE)
> 
> 
